2022-12-04 11:21:25.686  INFO 26028 --- [main] com.api.sportyShoes.SportyShoes          : Starting SportyShoes on ITEM-S119837 with PID 26028 (C:\Users\graju\Downloads\sporty_shoes-master\target\classes started by graju in C:\Users\graju\Downloads\sporty_shoes-master)
2022-12-04 11:21:25.704  INFO 26028 --- [main] com.api.sportyShoes.SportyShoes          : No active profile set, falling back to default profiles: default
2022-12-04 11:21:27.915  INFO 26028 --- [main] .s.d.r.c.RepositoryConfigurationDelegate : Bootstrapping Spring Data JPA repositories in DEFAULT mode.
2022-12-04 11:21:28.074  INFO 26028 --- [main] .s.d.r.c.RepositoryConfigurationDelegate : Finished Spring Data repository scanning in 139ms. Found 2 JPA repository interfaces.
2022-12-04 11:21:29.782  INFO 26028 --- [main] o.s.b.w.embedded.tomcat.TomcatWebServer  : Tomcat initialized with port(s): 4000 (http)
2022-12-04 11:21:29.798  INFO 26028 --- [main] o.apache.catalina.core.StandardService   : Starting service [Tomcat]
2022-12-04 11:21:29.799  INFO 26028 --- [main] org.apache.catalina.core.StandardEngine  : Starting Servlet engine: [Apache Tomcat/9.0.38]
2022-12-04 11:21:30.014  INFO 26028 --- [main] o.a.c.c.C.[Tomcat].[localhost].[/]       : Initializing Spring embedded WebApplicationContext
2022-12-04 11:21:30.015  INFO 26028 --- [main] w.s.c.ServletWebServerApplicationContext : Root WebApplicationContext: initialization completed in 4194 ms
2022-12-04 11:21:30.136  INFO 26028 --- [main] com.zaxxer.hikari.HikariDataSource       : HikariPool-1 - Starting...
2022-12-04 11:21:30.551  INFO 26028 --- [main] com.zaxxer.hikari.HikariDataSource       : HikariPool-1 - Start completed.
2022-12-04 11:21:30.566  INFO 26028 --- [main] o.s.b.a.h2.H2ConsoleAutoConfiguration    : H2 console available at '/h2'. Database available at 'jdbc:h2:mem:testdb'
2022-12-04 11:21:31.004  INFO 26028 --- [main] o.hibernate.jpa.internal.util.LogHelper  : HHH000204: Processing PersistenceUnitInfo [name: default]
2022-12-04 11:21:31.129  INFO 26028 --- [main] org.hibernate.Version                    : HHH000412: Hibernate ORM core version 5.4.21.Final
2022-12-04 11:21:31.458  INFO 26028 --- [main] o.hibernate.annotations.common.Version   : HCANN000001: Hibernate Commons Annotations {5.1.0.Final}
2022-12-04 11:21:31.743  INFO 26028 --- [main] org.hibernate.dialect.Dialect            : HHH000400: Using dialect: org.hibernate.dialect.H2Dialect
2022-12-04 11:21:32.921  INFO 26028 --- [main] o.h.e.t.j.p.i.JtaPlatformInitiator       : HHH000490: Using JtaPlatform implementation: [org.hibernate.engine.transaction.jta.platform.internal.NoJtaPlatform]
2022-12-04 11:21:32.930  INFO 26028 --- [main] j.LocalContainerEntityManagerFactoryBean : Initialized JPA EntityManagerFactory for persistence unit 'default'
2022-12-04 11:21:33.011  WARN 26028 --- [main] JpaBaseConfiguration$JpaWebConfiguration : spring.jpa.open-in-view is enabled by default. Therefore, database queries may be performed during view rendering. Explicitly configure spring.jpa.open-in-view to disable this warning
2022-12-04 11:21:35.185  INFO 26028 --- [main] o.s.s.web.DefaultSecurityFilterChain     : Creating filter chain: any request, [org.springframework.security.web.context.request.async.WebAsyncManagerIntegrationFilter@519e67e, org.springframework.security.web.context.SecurityContextPersistenceFilter@590336ed, org.springframework.security.web.header.HeaderWriterFilter@360d3f47, org.springframework.security.web.authentication.logout.LogoutFilter@b859355, org.springframework.security.web.authentication.www.BasicAuthenticationFilter@18139a43, org.springframework.security.web.savedrequest.RequestCacheAwareFilter@68fc1e7f, org.springframework.security.web.servletapi.SecurityContextHolderAwareRequestFilter@33197c2f, org.springframework.security.web.authentication.AnonymousAuthenticationFilter@7402bfe7, org.springframework.security.web.session.SessionManagementFilter@6fd37997, org.springframework.security.web.access.ExceptionTranslationFilter@7c3ae369, org.springframework.security.web.access.intercept.FilterSecurityInterceptor@6771fc29]
2022-12-04 11:21:35.238  INFO 26028 --- [main] pertySourcedRequestMappingHandlerMapping : Mapped URL path [/v2/api-docs] onto method [springfox.documentation.swagger2.web.Swagger2Controller#getDocumentation(String, HttpServletRequest)]
2022-12-04 11:21:35.495  INFO 26028 --- [main] o.s.s.concurrent.ThreadPoolTaskExecutor  : Initializing ExecutorService 'applicationTaskExecutor'
2022-12-04 11:21:35.801  INFO 26028 --- [main] d.s.w.p.DocumentationPluginsBootstrapper : Context refreshed
2022-12-04 11:21:35.836  INFO 26028 --- [main] d.s.w.p.DocumentationPluginsBootstrapper : Found 1 custom documentation plugin(s)
2022-12-04 11:21:35.920  INFO 26028 --- [main] s.d.s.w.s.ApiListingReferenceScanner     : Scanning for api listing references
2022-12-04 11:21:36.400  INFO 26028 --- [main] o.s.b.w.embedded.tomcat.TomcatWebServer  : Tomcat started on port(s): 4000 (http) with context path ''
2022-12-04 11:21:36.405  INFO 26028 --- [main] com.api.sportyShoes.SportyShoes          : Started SportyShoes in 11.634 seconds (JVM running for 21.706)
2022-12-04 11:22:23.782  INFO 26028 --- [http-nio-4000-exec-1] o.a.c.c.C.[Tomcat].[localhost].[/]       : Initializing Spring DispatcherServlet 'dispatcherServlet'
2022-12-04 11:22:23.783  INFO 26028 --- [http-nio-4000-exec-1] o.s.web.servlet.DispatcherServlet        : Initializing Servlet 'dispatcherServlet'
2022-12-04 11:22:23.805  INFO 26028 --- [http-nio-4000-exec-1] o.s.web.servlet.DispatcherServlet        : Completed initialization in 22 ms
2022-12-04 11:22:24.043  WARN 26028 --- [http-nio-4000-exec-1] o.a.c.util.SessionIdGeneratorBase        : Creation of SecureRandom instance for session ID generation using [SHA1PRNG] took [144] milliseconds.
2022-12-04 11:29:07.920  INFO 26028 --- [SpringContextShutdownHook] o.s.s.concurrent.ThreadPoolTaskExecutor  : Shutting down ExecutorService 'applicationTaskExecutor'
2022-12-04 11:29:07.927  INFO 26028 --- [SpringContextShutdownHook] j.LocalContainerEntityManagerFactoryBean : Closing JPA EntityManagerFactory for persistence unit 'default'
2022-12-04 11:29:07.928  INFO 26028 --- [SpringContextShutdownHook] .SchemaDropperImpl$DelayedDropActionImpl : HHH000477: Starting delayed evictData of schema as part of SessionFactory shut-down'
2022-12-04 11:29:07.941  INFO 26028 --- [SpringContextShutdownHook] com.zaxxer.hikari.HikariDataSource       : HikariPool-1 - Shutdown initiated...
2022-12-04 11:29:07.946  INFO 26028 --- [SpringContextShutdownHook] com.zaxxer.hikari.HikariDataSource       : HikariPool-1 - Shutdown completed.
2022-12-04 11:29:19.783  INFO 12640 --- [main] com.api.sportyShoes.SportyShoes          : Starting SportyShoes on ITEM-S119837 with PID 12640 (C:\Users\graju\Downloads\sporty_shoes-master\target\classes started by graju in C:\Users\graju\Downloads\sporty_shoes-master)
2022-12-04 11:29:19.789  INFO 12640 --- [main] com.api.sportyShoes.SportyShoes          : No active profile set, falling back to default profiles: default
2022-12-04 11:29:21.773  INFO 12640 --- [main] .s.d.r.c.RepositoryConfigurationDelegate : Bootstrapping Spring Data JPA repositories in DEFAULT mode.
2022-12-04 11:29:21.934  INFO 12640 --- [main] .s.d.r.c.RepositoryConfigurationDelegate : Finished Spring Data repository scanning in 137ms. Found 2 JPA repository interfaces.
2022-12-04 11:29:23.395  INFO 12640 --- [main] o.s.b.w.embedded.tomcat.TomcatWebServer  : Tomcat initialized with port(s): 8081 (http)
2022-12-04 11:29:23.409  INFO 12640 --- [main] o.apache.catalina.core.StandardService   : Starting service [Tomcat]
2022-12-04 11:29:23.410  INFO 12640 --- [main] org.apache.catalina.core.StandardEngine  : Starting Servlet engine: [Apache Tomcat/9.0.38]
2022-12-04 11:29:23.595  INFO 12640 --- [main] o.a.c.c.C.[Tomcat].[localhost].[/]       : Initializing Spring embedded WebApplicationContext
2022-12-04 11:29:23.596  INFO 12640 --- [main] w.s.c.ServletWebServerApplicationContext : Root WebApplicationContext: initialization completed in 3681 ms
2022-12-04 11:29:23.706  INFO 12640 --- [main] com.zaxxer.hikari.HikariDataSource       : HikariPool-1 - Starting...
2022-12-04 11:29:24.551  INFO 12640 --- [main] com.zaxxer.hikari.HikariDataSource       : HikariPool-1 - Start completed.
2022-12-04 11:29:24.565  INFO 12640 --- [main] o.s.b.a.h2.H2ConsoleAutoConfiguration    : H2 console available at '/h2'. Database available at 'jdbc:h2:mem:testdb'
2022-12-04 11:29:25.050  INFO 12640 --- [main] o.hibernate.jpa.internal.util.LogHelper  : HHH000204: Processing PersistenceUnitInfo [name: default]
2022-12-04 11:29:25.235  INFO 12640 --- [main] org.hibernate.Version                    : HHH000412: Hibernate ORM core version 5.4.21.Final
2022-12-04 11:29:25.612  INFO 12640 --- [main] o.hibernate.annotations.common.Version   : HCANN000001: Hibernate Commons Annotations {5.1.0.Final}
2022-12-04 11:29:25.918  INFO 12640 --- [main] org.hibernate.dialect.Dialect            : HHH000400: Using dialect: org.hibernate.dialect.H2Dialect
2022-12-04 11:29:27.213  INFO 12640 --- [main] o.h.e.t.j.p.i.JtaPlatformInitiator       : HHH000490: Using JtaPlatform implementation: [org.hibernate.engine.transaction.jta.platform.internal.NoJtaPlatform]
2022-12-04 11:29:27.221  INFO 12640 --- [main] j.LocalContainerEntityManagerFactoryBean : Initialized JPA EntityManagerFactory for persistence unit 'default'
2022-12-04 11:29:27.297  WARN 12640 --- [main] JpaBaseConfiguration$JpaWebConfiguration : spring.jpa.open-in-view is enabled by default. Therefore, database queries may be performed during view rendering. Explicitly configure spring.jpa.open-in-view to disable this warning
2022-12-04 11:29:29.116  INFO 12640 --- [main] o.s.s.web.DefaultSecurityFilterChain     : Creating filter chain: any request, [org.springframework.security.web.context.request.async.WebAsyncManagerIntegrationFilter@519e67e, org.springframework.security.web.context.SecurityContextPersistenceFilter@590336ed, org.springframework.security.web.header.HeaderWriterFilter@360d3f47, org.springframework.security.web.authentication.logout.LogoutFilter@b859355, org.springframework.security.web.authentication.www.BasicAuthenticationFilter@18139a43, org.springframework.security.web.savedrequest.RequestCacheAwareFilter@68fc1e7f, org.springframework.security.web.servletapi.SecurityContextHolderAwareRequestFilter@33197c2f, org.springframework.security.web.authentication.AnonymousAuthenticationFilter@7402bfe7, org.springframework.security.web.session.SessionManagementFilter@6fd37997, org.springframework.security.web.access.ExceptionTranslationFilter@7c3ae369, org.springframework.security.web.access.intercept.FilterSecurityInterceptor@6771fc29]
2022-12-04 11:29:29.153  INFO 12640 --- [main] pertySourcedRequestMappingHandlerMapping : Mapped URL path [/v2/api-docs] onto method [springfox.documentation.swagger2.web.Swagger2Controller#getDocumentation(String, HttpServletRequest)]
2022-12-04 11:29:29.344  INFO 12640 --- [main] o.s.s.concurrent.ThreadPoolTaskExecutor  : Initializing ExecutorService 'applicationTaskExecutor'
2022-12-04 11:29:29.599  INFO 12640 --- [main] d.s.w.p.DocumentationPluginsBootstrapper : Context refreshed
2022-12-04 11:29:29.634  INFO 12640 --- [main] d.s.w.p.DocumentationPluginsBootstrapper : Found 1 custom documentation plugin(s)
2022-12-04 11:29:29.703  INFO 12640 --- [main] s.d.s.w.s.ApiListingReferenceScanner     : Scanning for api listing references
2022-12-04 11:29:30.130  INFO 12640 --- [main] o.s.b.w.embedded.tomcat.TomcatWebServer  : Tomcat started on port(s): 8081 (http) with context path ''
2022-12-04 11:29:30.135  INFO 12640 --- [main] com.api.sportyShoes.SportyShoes          : Started SportyShoes in 11.059 seconds (JVM running for 11.773)
2022-12-04 11:30:00.535  INFO 12640 --- [http-nio-8081-exec-1] o.a.c.c.C.[Tomcat].[localhost].[/]       : Initializing Spring DispatcherServlet 'dispatcherServlet'
2022-12-04 11:30:00.536  INFO 12640 --- [http-nio-8081-exec-1] o.s.web.servlet.DispatcherServlet        : Initializing Servlet 'dispatcherServlet'
2022-12-04 11:30:00.550  INFO 12640 --- [http-nio-8081-exec-1] o.s.web.servlet.DispatcherServlet        : Completed initialization in 13 ms
2022-12-04 11:43:01.147  INFO 12640 --- [SpringContextShutdownHook] o.s.s.concurrent.ThreadPoolTaskExecutor  : Shutting down ExecutorService 'applicationTaskExecutor'
2022-12-04 11:43:01.155  INFO 12640 --- [SpringContextShutdownHook] j.LocalContainerEntityManagerFactoryBean : Closing JPA EntityManagerFactory for persistence unit 'default'
2022-12-04 11:43:01.157  INFO 12640 --- [SpringContextShutdownHook] .SchemaDropperImpl$DelayedDropActionImpl : HHH000477: Starting delayed evictData of schema as part of SessionFactory shut-down'
2022-12-04 11:43:01.176  INFO 12640 --- [SpringContextShutdownHook] com.zaxxer.hikari.HikariDataSource       : HikariPool-1 - Shutdown initiated...
2022-12-04 11:43:01.181  INFO 12640 --- [SpringContextShutdownHook] com.zaxxer.hikari.HikariDataSource       : HikariPool-1 - Shutdown completed.
